2003.02.18 10:04 B C:\web work\WebDesignHelper\page_templates\page_templates\page_template76\images\index_r10_c1.jpg --> webdesignhelper.co.uk /html/page_templates/page_templates/page_template76/images index_r10_c1.jpg
2003.02.18 10:04 B C:\web work\WebDesignHelper\page_templates\page_templates\page_template76\images\index_r11_c1.jpg --> webdesignhelper.co.uk /html/page_templates/page_templates/page_template76/images index_r11_c1.jpg
2003.02.18 10:04 B C:\web work\WebDesignHelper\page_templates\page_templates\page_template76\images\index_r11_c1_f2.jpg --> webdesignhelper.co.uk /html/page_templates/page_templates/page_template76/images index_r11_c1_f2.jpg
2003.02.18 10:04 B C:\web work\WebDesignHelper\page_templates\page_templates\page_template76\images\index_r11_c1_f3.jpg --> webdesignhelper.co.uk /html/page_templates/page_templates/page_template76/images index_r11_c1_f3.jpg
2003.02.18 10:04 B C:\web work\WebDesignHelper\page_templates\page_templates\page_template76\images\index_r12_c1.jpg --> webdesignhelper.co.uk /html/page_templates/page_templates/page_template76/images index_r12_c1.jpg
2003.02.18 10:04 B C:\web work\WebDesignHelper\page_templates\page_templates\page_template76\images\index_r13_c1.jpg --> webdesignhelper.co.uk /html/page_templates/page_templates/page_template76/images index_r13_c1.jpg
2003.02.18 10:04 B C:\web work\WebDesignHelper\page_templates\page_templates\page_template76\images\index_r13_c1_f2.jpg --> webdesignhelper.co.uk /html/page_templates/page_templates/page_template76/images index_r13_c1_f2.jpg
2003.02.18 10:04 B C:\web work\WebDesignHelper\page_templates\page_templates\page_template76\images\index_r13_c1_f3.jpg --> webdesignhelper.co.uk /html/page_templates/page_templates/page_template76/images index_r13_c1_f3.jpg
2003.02.18 10:04 B C:\web work\WebDesignHelper\page_templates\page_templates\page_template76\images\index_r14_c1.jpg --> webdesignhelper.co.uk /html/page_templates/page_templates/page_template76/images index_r14_c1.jpg
2003.02.18 10:04 B C:\web work\WebDesignHelper\page_templates\page_templates\page_template76\images\index_r15_c1.jpg --> webdesignhelper.co.uk /html/page_templates/page_templates/page_template76/images index_r15_c1.jpg
2003.02.18 10:04 B C:\web work\WebDesignHelper\page_templates\page_templates\page_template76\images\index_r15_c1_f2.jpg --> webdesignhelper.co.uk /html/page_templates/page_templates/page_template76/images index_r15_c1_f2.jpg
2003.02.18 10:04 B C:\web work\WebDesignHelper\page_templates\page_templates\page_template76\images\index_r15_c1_f3.jpg --> webdesignhelper.co.uk /html/page_templates/page_templates/page_template76/images index_r15_c1_f3.jpg
2003.02.18 10:04 B C:\web work\WebDesignHelper\page_templates\page_templates\page_template76\images\index_r16_c1.jpg --> webdesignhelper.co.uk /html/page_templates/page_templates/page_template76/images index_r16_c1.jpg
2003.02.18 10:04 B C:\web work\WebDesignHelper\page_templates\page_templates\page_template76\images\index_r17_c1.jpg --> webdesignhelper.co.uk /html/page_templates/page_templates/page_template76/images index_r17_c1.jpg
2003.02.18 10:04 B C:\web work\WebDesignHelper\page_templates\page_templates\page_template76\images\index_r17_c1_f2.jpg --> webdesignhelper.co.uk /html/page_templates/page_templates/page_template76/images index_r17_c1_f2.jpg
2003.02.18 10:04 B C:\web work\WebDesignHelper\page_templates\page_templates\page_template76\images\index_r17_c1_f3.jpg --> webdesignhelper.co.uk /html/page_templates/page_templates/page_template76/images index_r17_c1_f3.jpg
2003.02.18 10:04 B C:\web work\WebDesignHelper\page_templates\page_templates\page_template76\images\index_r18_c1.jpg --> webdesignhelper.co.uk /html/page_templates/page_templates/page_template76/images index_r18_c1.jpg
2003.02.18 10:04 B C:\web work\WebDesignHelper\page_templates\page_templates\page_template76\images\index_r19_c1.jpg --> webdesignhelper.co.uk /html/page_templates/page_templates/page_template76/images index_r19_c1.jpg
2003.02.18 10:04 B C:\web work\WebDesignHelper\page_templates\page_templates\page_template76\images\index_r19_c1_f2.jpg --> webdesignhelper.co.uk /html/page_templates/page_templates/page_template76/images index_r19_c1_f2.jpg
2003.02.18 10:04 B C:\web work\WebDesignHelper\page_templates\page_templates\page_template76\images\index_r19_c1_f3.jpg --> webdesignhelper.co.uk /html/page_templates/page_templates/page_template76/images index_r19_c1_f3.jpg
2003.02.18 10:04 B C:\web work\WebDesignHelper\page_templates\page_templates\page_template76\images\index_r1_c1.jpg --> webdesignhelper.co.uk /html/page_templates/page_templates/page_template76/images index_r1_c1.jpg
2003.02.18 10:04 B C:\web work\WebDesignHelper\page_templates\page_templates\page_template76\images\index_r1_c2.jpg --> webdesignhelper.co.uk /html/page_templates/page_templates/page_template76/images index_r1_c2.jpg
2003.02.18 10:04 B C:\web work\WebDesignHelper\page_templates\page_templates\page_template76\images\index_r20_c1.jpg --> webdesignhelper.co.uk /html/page_templates/page_templates/page_template76/images index_r20_c1.jpg
2003.02.18 10:05 B C:\web work\WebDesignHelper\page_templates\page_templates\page_template76\images\index_r2_c3.jpg --> webdesignhelper.co.uk /html/page_templates/page_templates/page_template76/images index_r2_c3.jpg
2003.02.18 10:05 B C:\web work\WebDesignHelper\page_templates\page_templates\page_template76\images\index_r3_c1.jpg --> webdesignhelper.co.uk /html/page_templates/page_templates/page_template76/images index_r3_c1.jpg
2003.02.18 10:05 B C:\web work\WebDesignHelper\page_templates\page_templates\page_template76\images\index_r3_c1_f2.jpg --> webdesignhelper.co.uk /html/page_templates/page_templates/page_template76/images index_r3_c1_f2.jpg
2003.02.18 10:05 B C:\web work\WebDesignHelper\page_templates\page_templates\page_template76\images\index_r3_c1_f3.jpg --> webdesignhelper.co.uk /html/page_templates/page_templates/page_template76/images index_r3_c1_f3.jpg
2003.02.18 10:05 B C:\web work\WebDesignHelper\page_templates\page_templates\page_template76\images\index_r4_c3.jpg --> webdesignhelper.co.uk /html/page_templates/page_templates/page_template76/images index_r4_c3.jpg
2003.02.18 10:05 B C:\web work\WebDesignHelper\page_templates\page_templates\page_template76\images\index_r4_c4.jpg --> webdesignhelper.co.uk /html/page_templates/page_templates/page_template76/images index_r4_c4.jpg
2003.02.18 10:05 B C:\web work\WebDesignHelper\page_templates\page_templates\page_template76\images\index_r4_c5.jpg --> webdesignhelper.co.uk /html/page_templates/page_templates/page_template76/images index_r4_c5.jpg
2003.02.18 10:05 B C:\web work\WebDesignHelper\page_templates\page_templates\page_template76\images\index_r5_c1.jpg --> webdesignhelper.co.uk /html/page_templates/page_templates/page_template76/images index_r5_c1.jpg
2003.02.18 10:05 B C:\web work\WebDesignHelper\page_templates\page_templates\page_template76\images\index_r6_c1.jpg --> webdesignhelper.co.uk /html/page_templates/page_templates/page_template76/images index_r6_c1.jpg
2003.02.18 10:05 B C:\web work\WebDesignHelper\page_templates\page_templates\page_template76\images\index_r6_c1_f2.jpg --> webdesignhelper.co.uk /html/page_templates/page_templates/page_template76/images index_r6_c1_f2.jpg
2003.02.18 10:05 B C:\web work\WebDesignHelper\page_templates\page_templates\page_template76\images\index_r6_c1_f3.jpg --> webdesignhelper.co.uk /html/page_templates/page_templates/page_template76/images index_r6_c1_f3.jpg
2003.02.18 10:05 B C:\web work\WebDesignHelper\page_templates\page_templates\page_template76\images\index_r7_c3.jpg --> webdesignhelper.co.uk /html/page_templates/page_templates/page_template76/images index_r7_c3.jpg
2003.02.18 10:05 B C:\web work\WebDesignHelper\page_templates\page_templates\page_template76\images\index_r8_c1.jpg --> webdesignhelper.co.uk /html/page_templates/page_templates/page_template76/images index_r8_c1.jpg
2003.02.18 10:05 B C:\web work\WebDesignHelper\page_templates\page_templates\page_template76\images\index_r9_c1.jpg --> webdesignhelper.co.uk /html/page_templates/page_templates/page_template76/images index_r9_c1.jpg
2003.02.18 10:05 B C:\web work\WebDesignHelper\page_templates\page_templates\page_template76\images\index_r9_c1_f2.jpg --> webdesignhelper.co.uk /html/page_templates/page_templates/page_template76/images index_r9_c1_f2.jpg
2003.02.18 10:05 B C:\web work\WebDesignHelper\page_templates\page_templates\page_template76\images\index_r9_c1_f3.jpg --> webdesignhelper.co.uk /html/page_templates/page_templates/page_template76/images index_r9_c1_f3.jpg
2003.02.18 10:05 B C:\web work\WebDesignHelper\page_templates\page_templates\page_template76\images\screenshot.gif --> webdesignhelper.co.uk /html/page_templates/page_templates/page_template76/images screenshot.gif
2003.02.18 10:05 B C:\web work\WebDesignHelper\page_templates\page_templates\page_template76\images\screenshot1a.gif --> webdesignhelper.co.uk /html/page_templates/page_templates/page_template76/images screenshot1a.gif
2003.02.18 10:05 B C:\web work\WebDesignHelper\page_templates\page_templates\page_template76\images\screenshot1b.gif --> webdesignhelper.co.uk /html/page_templates/page_templates/page_template76/images screenshot1b.gif
2003.02.18 10:05 B C:\web work\WebDesignHelper\page_templates\page_templates\page_template76\images\screenshot1c.gif --> webdesignhelper.co.uk /html/page_templates/page_templates/page_template76/images screenshot1c.gif
2003.02.18 10:05 B C:\web work\WebDesignHelper\page_templates\page_templates\page_template76\images\screenshot1d.gif --> webdesignhelper.co.uk /html/page_templates/page_templates/page_template76/images screenshot1d.gif
2003.02.18 10:05 B C:\web work\WebDesignHelper\page_templates\page_templates\page_template76\images\spacer.gif --> webdesignhelper.co.uk /html/page_templates/page_templates/page_template76/images spacer.gif
2003.02.19 09:23 B C:\web work\WebDesignHelper\page_templates\page_templates\page_template77\images\auto.jpg --> webdesignhelper.co.uk /html/page_templates/page_templates/page_template77/images auto.jpg
2003.02.19 09:23 B C:\web work\WebDesignHelper\page_templates\page_templates\page_template77\images\background.gif --> webdesignhelper.co.uk /html/page_templates/page_templates/page_template77/images background.gif
2003.02.19 09:23 B C:\web work\WebDesignHelper\page_templates\page_templates\page_template77\images\background.jpg --> webdesignhelper.co.uk /html/page_templates/page_templates/page_template77/images background.jpg
2003.02.19 09:23 B C:\web work\WebDesignHelper\page_templates\page_templates\page_template77\images\manual.jpg --> webdesignhelper.co.uk /html/page_templates/page_templates/page_template77/images manual.jpg
2003.02.19 09:23 B C:\web work\WebDesignHelper\page_templates\page_templates\page_template77\images\new car_C1_R1.jpg --> webdesignhelper.co.uk /html/page_templates/page_templates/page_template77/images new car_C1_R1.jpg
2003.02.19 09:23 B C:\web work\WebDesignHelper\page_templates\page_templates\page_template77\images\new car_C1_R2.jpg --> webdesignhelper.co.uk /html/page_templates/page_templates/page_template77/images new car_C1_R2.jpg
2003.02.19 09:24 B C:\web work\WebDesignHelper\page_templates\page_templates\page_template77\images\new car_C1_R3.jpg --> webdesignhelper.co.uk /html/page_templates/page_templates/page_template77/images new car_C1_R3.jpg
2003.02.19 09:24 B C:\web work\WebDesignHelper\page_templates\page_templates\page_template77\images\new car_C1_R4.jpg --> webdesignhelper.co.uk /html/page_templates/page_templates/page_template77/images new car_C1_R4.jpg
2003.02.19 09:24 B C:\web work\WebDesignHelper\page_templates\page_templates\page_template77\images\screenshot.gif --> webdesignhelper.co.uk /html/page_templates/page_templates/page_template77/images screenshot.gif
2003.02.19 09:24 B C:\web work\WebDesignHelper\page_templates\page_templates\page_template77\images\screenshot1a.gif --> webdesignhelper.co.uk /html/page_templates/page_templates/page_template77/images screenshot1a.gif
2003.02.19 09:24 B C:\web work\WebDesignHelper\page_templates\page_templates\page_template77\images\screenshot1b.gif --> webdesignhelper.co.uk /html/page_templates/page_templates/page_template77/images screenshot1b.gif
2003.02.19 09:24 B C:\web work\WebDesignHelper\page_templates\page_templates\page_template77\images\screenshot1c.gif --> webdesignhelper.co.uk /html/page_templates/page_templates/page_template77/images screenshot1c.gif
2003.02.19 09:24 B C:\web work\WebDesignHelper\page_templates\page_templates\page_template77\images\screenshot1d.gif --> webdesignhelper.co.uk /html/page_templates/page_templates/page_template77/images screenshot1d.gif
2003.02.19 09:24 B C:\web work\WebDesignHelper\page_templates\page_templates\page_template77\images\shim.gif --> webdesignhelper.co.uk /html/page_templates/page_templates/page_template77/images shim.gif
2003.02.19 09:24 B C:\web work\WebDesignHelper\page_templates\page_templates\page_template77\images\steering.jpg --> webdesignhelper.co.uk /html/page_templates/page_templates/page_template77/images steering.jpg
2003.02.19 09:24 B C:\web work\WebDesignHelper\page_templates\page_templates\page_template77\images\WS_FTP.LOG --> webdesignhelper.co.uk /html/page_templates/page_templates/page_template77/images WS_FTP.LOG
2003.02.20 09:41 B C:\web work\WebDesignHelper\page_templates\page_templates\page_template78\images\about.gif --> webdesignhelper.co.uk /html/page_templates/page_templates/page_template78/images about.gif
2003.02.20 09:41 B C:\web work\WebDesignHelper\page_templates\page_templates\page_template78\images\border.gif --> webdesignhelper.co.uk /html/page_templates/page_templates/page_template78/images border.gif
2003.02.20 09:41 B C:\web work\WebDesignHelper\page_templates\page_templates\page_template78\images\buttons.gif --> webdesignhelper.co.uk /html/page_templates/page_templates/page_template78/images buttons.gif
2003.02.20 09:41 B C:\web work\WebDesignHelper\page_templates\page_templates\page_template78\images\clients.gif --> webdesignhelper.co.uk /html/page_templates/page_templates/page_template78/images clients.gif
2003.02.20 09:41 B C:\web work\WebDesignHelper\page_templates\page_templates\page_template78\images\cont.gif --> webdesignhelper.co.uk /html/page_templates/page_templates/page_template78/images cont.gif
2003.02.20 09:41 B C:\web work\WebDesignHelper\page_templates\page_templates\page_template78\images\dot.gif --> webdesignhelper.co.uk /html/page_templates/page_templates/page_template78/images dot.gif
2003.02.20 09:41 B C:\web work\WebDesignHelper\page_templates\page_templates\page_template78\images\header.gif --> webdesignhelper.co.uk /html/page_templates/page_templates/page_template78/images header.gif
2003.02.20 09:41 B C:\web work\WebDesignHelper\page_templates\page_templates\page_template78\images\header_degrade.gif --> webdesignhelper.co.uk /html/page_templates/page_templates/page_template78/images header_degrade.gif
2003.02.20 09:41 B C:\web work\WebDesignHelper\page_templates\page_templates\page_template78\images\news.gif --> webdesignhelper.co.uk /html/page_templates/page_templates/page_template78/images news.gif
2003.02.20 09:41 B C:\web work\WebDesignHelper\page_templates\page_templates\page_template78\images\ol.gif --> webdesignhelper.co.uk /html/page_templates/page_templates/page_template78/images ol.gif
2003.02.20 09:41 B C:\web work\WebDesignHelper\page_templates\page_templates\page_template78\images\pic.gif --> webdesignhelper.co.uk /html/page_templates/page_templates/page_template78/images pic.gif
2003.02.20 09:41 B C:\web work\WebDesignHelper\page_templates\page_templates\page_template78\images\ql.gif --> webdesignhelper.co.uk /html/page_templates/page_templates/page_template78/images ql.gif
2003.02.20 09:41 B C:\web work\WebDesignHelper\page_templates\page_templates\page_template78\images\screenshot.gif --> webdesignhelper.co.uk /html/page_templates/page_templates/page_template78/images screenshot.gif
2003.02.20 09:41 B C:\web work\WebDesignHelper\page_templates\page_templates\page_template78\images\screenshot1a.gif --> webdesignhelper.co.uk /html/page_templates/page_templates/page_template78/images screenshot1a.gif
2003.02.20 09:41 B C:\web work\WebDesignHelper\page_templates\page_templates\page_template78\images\screenshot1b.gif --> webdesignhelper.co.uk /html/page_templates/page_templates/page_template78/images screenshot1b.gif
2003.02.20 09:41 B C:\web work\WebDesignHelper\page_templates\page_templates\page_template78\images\screenshot1c.gif --> webdesignhelper.co.uk /html/page_templates/page_templates/page_template78/images screenshot1c.gif
2003.02.20 09:41 B C:\web work\WebDesignHelper\page_templates\page_templates\page_template78\images\screenshot1d.gif --> webdesignhelper.co.uk /html/page_templates/page_templates/page_template78/images screenshot1d.gif
2003.02.20 09:42 B C:\web work\WebDesignHelper\page_templates\page_templates\page_template78\images\spon.gif --> webdesignhelper.co.uk /html/page_templates/page_templates/page_template78/images spon.gif
2003.02.20 09:42 B C:\web work\WebDesignHelper\page_templates\page_templates\page_template78\images\wa.css --> webdesignhelper.co.uk /html/page_templates/page_templates/page_template78/images wa.css
2003.02.20 09:42 B C:\web work\WebDesignHelper\page_templates\page_templates\page_template78\images\WS_FTP.LOG --> webdesignhelper.co.uk /html/page_templates/page_templates/page_template78/images WS_FTP.LOG
2003.02.23 10:42 B C:\web work\WebDesignHelper\page_templates\page_templates\page_template79\images\1.gif --> webdesignhelper.co.uk /html/page_templates/page_templates/page_template79/images 1.gif
2003.02.23 10:42 B C:\web work\WebDesignHelper\page_templates\page_templates\page_template79\images\10.gif --> webdesignhelper.co.uk /html/page_templates/page_templates/page_template79/images 10.gif
2003.02.23 10:42 B C:\web work\WebDesignHelper\page_templates\page_templates\page_template79\images\11.gif --> webdesignhelper.co.uk /html/page_templates/page_templates/page_template79/images 11.gif
2003.02.23 10:42 B C:\web work\WebDesignHelper\page_templates\page_templates\page_template79\images\18.gif --> webdesignhelper.co.uk /html/page_templates/page_templates/page_template79/images 18.gif
2003.02.23 10:42 B C:\web work\WebDesignHelper\page_templates\page_templates\page_template79\images\19.gif --> webdesignhelper.co.uk /html/page_templates/page_templates/page_template79/images 19.gif
2003.02.23 10:42 B C:\web work\WebDesignHelper\page_templates\page_templates\page_template79\images\2.gif --> webdesignhelper.co.uk /html/page_templates/page_templates/page_template79/images 2.gif
2003.02.23 10:42 B C:\web work\WebDesignHelper\page_templates\page_templates\page_template79\images\20.gif --> webdesignhelper.co.uk /html/page_templates/page_templates/page_template79/images 20.gif
2003.02.23 10:42 B C:\web work\WebDesignHelper\page_templates\page_templates\page_template79\images\21.gif --> webdesignhelper.co.uk /html/page_templates/page_templates/page_template79/images 21.gif
2003.02.23 10:42 B C:\web work\WebDesignHelper\page_templates\page_templates\page_template79\images\22.gif --> webdesignhelper.co.uk /html/page_templates/page_templates/page_template79/images 22.gif
2003.02.23 10:42 B C:\web work\WebDesignHelper\page_templates\page_templates\page_template79\images\9.gif --> webdesignhelper.co.uk /html/page_templates/page_templates/page_template79/images 9.gif
2003.02.23 10:42 B C:\web work\WebDesignHelper\page_templates\page_templates\page_template79\images\arrows.gif --> webdesignhelper.co.uk /html/page_templates/page_templates/page_template79/images arrows.gif
2003.02.23 10:42 B C:\web work\WebDesignHelper\page_templates\page_templates\page_template79\images\body_bckgrnd.gif --> webdesignhelper.co.uk /html/page_templates/page_templates/page_template79/images body_bckgrnd.gif
2003.02.23 10:42 B C:\web work\WebDesignHelper\page_templates\page_templates\page_template79\images\home.gif --> webdesignhelper.co.uk /html/page_templates/page_templates/page_template79/images home.gif
2003.02.23 10:42 B C:\web work\WebDesignHelper\page_templates\page_templates\page_template79\images\m01.gif --> webdesignhelper.co.uk /html/page_templates/page_templates/page_template79/images m01.gif
2003.02.23 10:42 B C:\web work\WebDesignHelper\page_templates\page_templates\page_template79\images\m02.gif --> webdesignhelper.co.uk /html/page_templates/page_templates/page_template79/images m02.gif
2003.02.23 10:42 B C:\web work\WebDesignHelper\page_templates\page_templates\page_template79\images\m03.gif --> webdesignhelper.co.uk /html/page_templates/page_templates/page_template79/images m03.gif
2003.02.23 10:42 B C:\web work\WebDesignHelper\page_templates\page_templates\page_template79\images\m04.gif --> webdesignhelper.co.uk /html/page_templates/page_templates/page_template79/images m04.gif
2003.02.23 10:42 B C:\web work\WebDesignHelper\page_templates\page_templates\page_template79\images\m1.gif --> webdesignhelper.co.uk /html/page_templates/page_templates/page_template79/images m1.gif
2003.02.23 10:42 B C:\web work\WebDesignHelper\page_templates\page_templates\page_template79\images\m2.gif --> webdesignhelper.co.uk /html/page_templates/page_templates/page_template79/images m2.gif
2003.02.23 10:42 B C:\web work\WebDesignHelper\page_templates\page_templates\page_template79\images\m3.gif --> webdesignhelper.co.uk /html/page_templates/page_templates/page_template79/images m3.gif
2003.02.23 10:42 B C:\web work\WebDesignHelper\page_templates\page_templates\page_template79\images\m4.gif --> webdesignhelper.co.uk /html/page_templates/page_templates/page_template79/images m4.gif
2003.02.23 10:42 B C:\web work\WebDesignHelper\page_templates\page_templates\page_template79\images\m5.gif --> webdesignhelper.co.uk /html/page_templates/page_templates/page_template79/images m5.gif
2003.02.23 10:42 B C:\web work\WebDesignHelper\page_templates\page_templates\page_template79\images\m6.gif --> webdesignhelper.co.uk /html/page_templates/page_templates/page_template79/images m6.gif
2003.02.23 10:42 B C:\web work\WebDesignHelper\page_templates\page_templates\page_template79\images\menu_bckgrnd.gif --> webdesignhelper.co.uk /html/page_templates/page_templates/page_template79/images menu_bckgrnd.gif
2003.02.23 10:42 B C:\web work\WebDesignHelper\page_templates\page_templates\page_template79\images\mmmenu1_118x20_over.gif --> webdesignhelper.co.uk /html/page_templates/page_templates/page_template79/images mmmenu1_118x20_over.gif
2003.02.23 10:42 B C:\web work\WebDesignHelper\page_templates\page_templates\page_template79\images\mmmenu1_118x20_up.gif --> webdesignhelper.co.uk /html/page_templates/page_templates/page_template79/images mmmenu1_118x20_up.gif
2003.02.23 10:42 B C:\web work\WebDesignHelper\page_templates\page_templates\page_template79\images\mmmenu1_153x20_over.gif --> webdesignhelper.co.uk /html/page_templates/page_templates/page_template79/images mmmenu1_153x20_over.gif
2003.02.23 10:42 B C:\web work\WebDesignHelper\page_templates\page_templates\page_template79\images\mmmenu1_153x20_up.gif --> webdesignhelper.co.uk /html/page_templates/page_templates/page_template79/images mmmenu1_153x20_up.gif
2003.02.23 10:42 B C:\web work\WebDesignHelper\page_templates\page_templates\page_template79\images\mmmenu1_62x20_over.gif --> webdesignhelper.co.uk /html/page_templates/page_templates/page_template79/images mmmenu1_62x20_over.gif
2003.02.23 10:42 B C:\web work\WebDesignHelper\page_templates\page_templates\page_template79\images\mmmenu1_62x20_up.gif --> webdesignhelper.co.uk /html/page_templates/page_templates/page_template79/images mmmenu1_62x20_up.gif
2003.02.23 10:42 B C:\web work\WebDesignHelper\page_templates\page_templates\page_template79\images\mmmenu1_6x20_over.gif --> webdesignhelper.co.uk /html/page_templates/page_templates/page_template79/images mmmenu1_6x20_over.gif
2003.02.23 10:42 B C:\web work\WebDesignHelper\page_templates\page_templates\page_template79\images\mmmenu1_6x20_up.gif --> webdesignhelper.co.uk /html/page_templates/page_templates/page_template79/images mmmenu1_6x20_up.gif
2003.02.23 10:42 B C:\web work\WebDesignHelper\page_templates\page_templates\page_template79\images\mmmenu2_118x20_over.gif --> webdesignhelper.co.uk /html/page_templates/page_templates/page_template79/images mmmenu2_118x20_over.gif
2003.02.23 10:42 B C:\web work\WebDesignHelper\page_templates\page_templates\page_template79\images\mmmenu2_118x20_up.gif --> webdesignhelper.co.uk /html/page_templates/page_templates/page_template79/images mmmenu2_118x20_up.gif
2003.02.23 10:42 B C:\web work\WebDesignHelper\page_templates\page_templates\page_template79\images\mmmenu2_62x20_over.gif --> webdesignhelper.co.uk /html/page_templates/page_templates/page_template79/images mmmenu2_62x20_over.gif
2003.02.23 10:42 B C:\web work\WebDesignHelper\page_templates\page_templates\page_template79\images\mmmenu2_62x20_up.gif --> webdesignhelper.co.uk /html/page_templates/page_templates/page_template79/images mmmenu2_62x20_up.gif
2003.02.23 10:42 B C:\web work\WebDesignHelper\page_templates\page_templates\page_template79\images\mmmenu3_62x20_over.gif --> webdesignhelper.co.uk /html/page_templates/page_templates/page_template79/images mmmenu3_62x20_over.gif
2003.02.23 10:42 B C:\web work\WebDesignHelper\page_templates\page_templates\page_template79\images\mmmenu3_62x20_up.gif --> webdesignhelper.co.uk /html/page_templates/page_templates/page_template79/images mmmenu3_62x20_up.gif
2003.02.23 10:42 B C:\web work\WebDesignHelper\page_templates\page_templates\page_template79\images\mmmenu4_62x20_over.gif --> webdesignhelper.co.uk /html/page_templates/page_templates/page_template79/images mmmenu4_62x20_over.gif
2003.02.23 10:42 B C:\web work\WebDesignHelper\page_templates\page_templates\page_template79\images\mmmenu4_62x20_up.gif --> webdesignhelper.co.uk /html/page_templates/page_templates/page_template79/images mmmenu4_62x20_up.gif
2003.02.23 10:42 B C:\web work\WebDesignHelper\page_templates\page_templates\page_template79\images\mmmenu5_153x20_over.gif --> webdesignhelper.co.uk /html/page_templates/page_templates/page_template79/images mmmenu5_153x20_over.gif
2003.02.23 10:42 B C:\web work\WebDesignHelper\page_templates\page_templates\page_template79\images\mmmenu5_153x20_up.gif --> webdesignhelper.co.uk /html/page_templates/page_templates/page_template79/images mmmenu5_153x20_up.gif
2003.02.23 10:42 B C:\web work\WebDesignHelper\page_templates\page_templates\page_template79\images\mmmenu5_62x20_over.gif --> webdesignhelper.co.uk /html/page_templates/page_templates/page_template79/images mmmenu5_62x20_over.gif
2003.02.23 10:42 B C:\web work\WebDesignHelper\page_templates\page_templates\page_template79\images\mmmenu5_62x20_up.gif --> webdesignhelper.co.uk /html/page_templates/page_templates/page_template79/images mmmenu5_62x20_up.gif
2003.02.23 10:42 B C:\web work\WebDesignHelper\page_templates\page_templates\page_template79\images\mmmenu6_153x20_over.gif --> webdesignhelper.co.uk /html/page_templates/page_templates/page_template79/images mmmenu6_153x20_over.gif
2003.02.23 10:42 B C:\web work\WebDesignHelper\page_templates\page_templates\page_template79\images\mmmenu6_153x20_up.gif --> webdesignhelper.co.uk /html/page_templates/page_templates/page_template79/images mmmenu6_153x20_up.gif
2003.02.23 10:42 B C:\web work\WebDesignHelper\page_templates\page_templates\page_template79\images\science_science.gif --> webdesignhelper.co.uk /html/page_templates/page_templates/page_template79/images science_science.gif
2003.02.23 10:42 B C:\web work\WebDesignHelper\page_templates\page_templates\page_template79\images\screenshot.gif --> webdesignhelper.co.uk /html/page_templates/page_templates/page_template79/images screenshot.gif
2003.02.23 10:42 B C:\web work\WebDesignHelper\page_templates\page_templates\page_template79\images\screenshot1a.gif --> webdesignhelper.co.uk /html/page_templates/page_templates/page_template79/images screenshot1a.gif
2003.02.23 10:43 B C:\web work\WebDesignHelper\page_templates\page_templates\page_template79\images\screenshot1b.gif --> webdesignhelper.co.uk /html/page_templates/page_templates/page_template79/images screenshot1b.gif
2003.02.23 10:43 B C:\web work\WebDesignHelper\page_templates\page_templates\page_template79\images\screenshot1c.gif --> webdesignhelper.co.uk /html/page_templates/page_templates/page_template79/images screenshot1c.gif
2003.02.23 10:43 B C:\web work\WebDesignHelper\page_templates\page_templates\page_template79\images\screenshot1d.gif --> webdesignhelper.co.uk /html/page_templates/page_templates/page_template79/images screenshot1d.gif
2003.02.23 10:43 B C:\web work\WebDesignHelper\page_templates\page_templates\page_template79\images\site_design_by_casey_web_design.gif --> webdesignhelper.co.uk /html/page_templates/page_templates/page_template79/images site_design_by_casey_web_design.gif
2003.02.23 10:43 B C:\web work\WebDesignHelper\page_templates\page_templates\page_template79\images\WS_FTP.LOG --> webdesignhelper.co.uk /html/page_templates/page_templates/page_template79/images WS_FTP.LOG
2003.02.26 09:33 B C:\web work\WebDesignHelper\page_templates\page_templates\page_template80\images\index_r1_c1.jpg --> webdesignhelper.co.uk /html/page_templates/page_templates/page_template80/images index_r1_c1.jpg
2003.02.26 09:33 B C:\web work\WebDesignHelper\page_templates\page_templates\page_template80\images\index_r2_c1.jpg --> webdesignhelper.co.uk /html/page_templates/page_templates/page_template80/images index_r2_c1.jpg
2003.02.26 09:33 B C:\web work\WebDesignHelper\page_templates\page_templates\page_template80\images\index_r3_c1.jpg --> webdesignhelper.co.uk /html/page_templates/page_templates/page_template80/images index_r3_c1.jpg
2003.02.26 09:33 B C:\web work\WebDesignHelper\page_templates\page_templates\page_template80\images\index_r4_c1.jpg --> webdesignhelper.co.uk /html/page_templates/page_templates/page_template80/images index_r4_c1.jpg
2003.02.26 09:33 B C:\web work\WebDesignHelper\page_templates\page_templates\page_template80\images\index_r5_c1.jpg --> webdesignhelper.co.uk /html/page_templates/page_templates/page_template80/images index_r5_c1.jpg
2003.02.26 09:33 B C:\web work\WebDesignHelper\page_templates\page_templates\page_template80\images\index_r5_c2.jpg --> webdesignhelper.co.uk /html/page_templates/page_templates/page_template80/images index_r5_c2.jpg
2003.02.26 09:33 B C:\web work\WebDesignHelper\page_templates\page_templates\page_template80\images\index_r5_c2_f2.jpg --> webdesignhelper.co.uk /html/page_templates/page_templates/page_template80/images index_r5_c2_f2.jpg
2003.02.26 09:33 B C:\web work\WebDesignHelper\page_templates\page_templates\page_template80\images\index_r5_c2_f3.jpg --> webdesignhelper.co.uk /html/page_templates/page_templates/page_template80/images index_r5_c2_f3.jpg
2003.02.26 09:33 B C:\web work\WebDesignHelper\page_templates\page_templates\page_template80\images\index_r5_c2_f4.jpg --> webdesignhelper.co.uk /html/page_templates/page_templates/page_template80/images index_r5_c2_f4.jpg
2003.02.26 09:33 B C:\web work\WebDesignHelper\page_templates\page_templates\page_template80\images\index_r5_c3.jpg --> webdesignhelper.co.uk /html/page_templates/page_templates/page_template80/images index_r5_c3.jpg
2003.02.26 09:33 B C:\web work\WebDesignHelper\page_templates\page_templates\page_template80\images\index_r5_c3_f2.jpg --> webdesignhelper.co.uk /html/page_templates/page_templates/page_template80/images index_r5_c3_f2.jpg
2003.02.26 09:33 B C:\web work\WebDesignHelper\page_templates\page_templates\page_template80\images\index_r5_c3_f3.jpg --> webdesignhelper.co.uk /html/page_templates/page_templates/page_template80/images index_r5_c3_f3.jpg
2003.02.26 09:33 B C:\web work\WebDesignHelper\page_templates\page_templates\page_template80\images\index_r5_c3_f4.jpg --> webdesignhelper.co.uk /html/page_templates/page_templates/page_template80/images index_r5_c3_f4.jpg
2003.02.26 09:33 B C:\web work\WebDesignHelper\page_templates\page_templates\page_template80\images\index_r5_c4.jpg --> webdesignhelper.co.uk /html/page_templates/page_templates/page_template80/images index_r5_c4.jpg
2003.02.26 09:33 B C:\web work\WebDesignHelper\page_templates\page_templates\page_template80\images\index_r5_c4_f2.jpg --> webdesignhelper.co.uk /html/page_templates/page_templates/page_template80/images index_r5_c4_f2.jpg
2003.02.26 09:33 B C:\web work\WebDesignHelper\page_templates\page_templates\page_template80\images\index_r5_c4_f3.jpg --> webdesignhelper.co.uk /html/page_templates/page_templates/page_template80/images index_r5_c4_f3.jpg
2003.02.26 09:33 B C:\web work\WebDesignHelper\page_templates\page_templates\page_template80\images\index_r5_c4_f4.jpg --> webdesignhelper.co.uk /html/page_templates/page_templates/page_template80/images index_r5_c4_f4.jpg
2003.02.26 09:33 B C:\web work\WebDesignHelper\page_templates\page_templates\page_template80\images\index_r5_c5.jpg --> webdesignhelper.co.uk /html/page_templates/page_templates/page_template80/images index_r5_c5.jpg
2003.02.26 09:33 B C:\web work\WebDesignHelper\page_templates\page_templates\page_template80\images\index_r5_c5_f2.jpg --> webdesignhelper.co.uk /html/page_templates/page_templates/page_template80/images index_r5_c5_f2.jpg
2003.02.26 09:33 B C:\web work\WebDesignHelper\page_templates\page_templates\page_template80\images\index_r5_c5_f3.jpg --> webdesignhelper.co.uk /html/page_templates/page_templates/page_template80/images index_r5_c5_f3.jpg
2003.02.26 09:33 B C:\web work\WebDesignHelper\page_templates\page_templates\page_template80\images\index_r5_c5_f4.jpg --> webdesignhelper.co.uk /html/page_templates/page_templates/page_template80/images index_r5_c5_f4.jpg
2003.02.26 09:33 B C:\web work\WebDesignHelper\page_templates\page_templates\page_template80\images\index_r5_c6.jpg --> webdesignhelper.co.uk /html/page_templates/page_templates/page_template80/images index_r5_c6.jpg
2003.02.26 09:33 B C:\web work\WebDesignHelper\page_templates\page_templates\page_template80\images\index_r5_c6_f2.jpg --> webdesignhelper.co.uk /html/page_templates/page_templates/page_template80/images index_r5_c6_f2.jpg
2003.02.26 09:33 B C:\web work\WebDesignHelper\page_templates\page_templates\page_template80\images\index_r5_c6_f3.jpg --> webdesignhelper.co.uk /html/page_templates/page_templates/page_template80/images index_r5_c6_f3.jpg
2003.02.26 09:33 B C:\web work\WebDesignHelper\page_templates\page_templates\page_template80\images\index_r5_c6_f4.jpg --> webdesignhelper.co.uk /html/page_templates/page_templates/page_template80/images index_r5_c6_f4.jpg
2003.02.26 09:33 B C:\web work\WebDesignHelper\page_templates\page_templates\page_template80\images\index_r6_c1.jpg --> webdesignhelper.co.uk /html/page_templates/page_templates/page_template80/images index_r6_c1.jpg
2003.02.26 09:33 B C:\web work\WebDesignHelper\page_templates\page_templates\page_template80\images\index_r7_c1.jpg --> webdesignhelper.co.uk /html/page_templates/page_templates/page_template80/images index_r7_c1.jpg
2003.02.26 09:33 B C:\web work\WebDesignHelper\page_templates\page_templates\page_template80\images\index_r8_c1.jpg --> webdesignhelper.co.uk /html/page_templates/page_templates/page_template80/images index_r8_c1.jpg
2003.02.26 09:34 B C:\web work\WebDesignHelper\page_templates\page_templates\page_template80\images\screenshot.gif --> webdesignhelper.co.uk /html/page_templates/page_templates/page_template80/images screenshot.gif
2003.02.26 09:34 B C:\web work\WebDesignHelper\page_templates\page_templates\page_template80\images\screenshot1a.gif --> webdesignhelper.co.uk /html/page_templates/page_templates/page_template80/images screenshot1a.gif
2003.02.26 09:34 B C:\web work\WebDesignHelper\page_templates\page_templates\page_template80\images\screenshot1b.gif --> webdesignhelper.co.uk /html/page_templates/page_templates/page_template80/images screenshot1b.gif
2003.02.26 09:34 B C:\web work\WebDesignHelper\page_templates\page_templates\page_template80\images\screenshot1c.gif --> webdesignhelper.co.uk /html/page_templates/page_templates/page_template80/images screenshot1c.gif
2003.02.26 09:34 B C:\web work\WebDesignHelper\page_templates\page_templates\page_template80\images\screenshot1d.gif --> webdesignhelper.co.uk /html/page_templates/page_templates/page_template80/images screenshot1d.gif
2003.02.26 09:34 B C:\web work\WebDesignHelper\page_templates\page_templates\page_template80\images\spacer.gif --> webdesignhelper.co.uk /html/page_templates/page_templates/page_template80/images spacer.gif
2003.02.26 09:34 B C:\web work\WebDesignHelper\page_templates\page_templates\page_template80\images\WS_FTP.LOG --> webdesignhelper.co.uk /html/page_templates/page_templates/page_template80/images WS_FTP.LOG
